
k = 1.3

../../data/training-1.txt
cost: 612426676
migration: 2845
time cost: 33531.2ms

../../data/training-2.txt
cost: 509673718
migration: 22742
time cost: 42171.9ms

summary:
total cost: 1122100394
total migration: 25587

k = 1.35

../../data/training-1.txt
cost: 611770993
migration: 2908
time cost: 33781.2ms

../../data/training-2.txt
cost: 508934767
migration: 22975
time cost: 40953.1ms

summary:
total cost: 1120705760
total migration: 25883

k = 1.4

../../data/training-1.txt
cost: 612751364
migration: 2763
time cost: 33968.8ms

../../data/training-2.txt
cost: 507718213
migration: 22531
time cost: 42203.1ms

summary:
total cost: 1120469577
total migration: 25294

k = 1.45

../../data/training-1.txt
cost: 612759185
migration: 2813
time cost: 33703.1ms

../../data/training-2.txt
cost: 507610221
migration: 22883
time cost: 43531.2ms

summary:
total cost: 1120369406
total migration: 25696

k = 1.5

../../data/training-1.txt
cost: 611690916
migration: 2649
time cost: 33171.9ms

../../data/training-2.txt
cost: 509103330
migration: 22494
time cost: 41390.6ms

summary:
total cost: 1120794246
total migration: 25143

k = 1.55

../../data/training-1.txt
cost: 612427914
migration: 3082
time cost: 33093.8ms

../../data/training-2.txt
cost: 508987970
migration: 22438
time cost: 42906.2ms

summary:
total cost: 1121415884
total migration: 25520

k = 1.6

../../data/training-1.txt
cost: 613735262
migration: 2398
time cost: 33734.4ms

../../data/training-2.txt
cost: 508922601
migration: 22810
time cost: 43312.5ms

summary:
total cost: 1122657863
total migration: 25208

k = 1.65

../../data/training-1.txt
cost: 613458411
migration: 2451
time cost: 33250ms

../../data/training-2.txt
cost: 509559326
migration: 22687
time cost: 43328.1ms

summary:
total cost: 1123017737
total migration: 25138

k = 1.7

../../data/training-1.txt
cost: 615499529
migration: 2226
time cost: 33812.5ms

../../data/training-2.txt
cost: 510474370
migration: 22928
time cost: 44046.9ms

summary:
total cost: 1125973899
total migration: 25154
