0: 50 0 0.814706 0.814706
1: 58 0 1.09947 0.945783
2: 53 4 0.965187 0.944643
3: 56 0 0.712487 0.883204
4: 49 1 0.839263 0.875751
5: 50 2 0.945634 0.898973
6: 52 2 0.813196 0.89213
7: 57 5 0.745364 0.872111
8: 70 5 0.945916 0.882701
9: 58 8 1.04838 0.900215
10: 46 12 0.871171 0.901473
11: 38 9 0.926678 0.901462
12: 50 9 0.767561 0.881318
13: 49 13 0.843143 0.885258
14: 50 12 1.08957 0.90089
15: 49 9 0.868998 0.896817
16: 51 15 0.78381 0.893488
17: 48 12 0.723318 0.885484
18: 43 5 0.979424 0.889121
19: 36 8 1.12236 0.899306
20: 47 11 1.02555 0.90757
21: 60 12 0.947012 0.906396
22: 44 11 0.756943 0.897445
23: 45 8 0.926477 0.898049
24: 47 11 0.738465 0.887022
25: 44 10 0.648134 0.876915
26: 55 12 0.843207 0.876746
27: 31 10 1.03307 0.879169
28: 48 11 0.662664 0.870501
29: 55 12 0.819284 0.868528
30: 56 9 0.872602 0.868533
31: 43 10 0.930734 0.870444
32: 40 12 1.07903 0.876277
33: 47 11 0.814713 0.876881
34: 58 9 0.686947 0.870585
35: 35 14 0.693967 0.862605
36: 43 13 0.852288 0.863245
37: 38 14 0.787292 0.864395
38: 40 11 0.937544 0.866226
39: 46 17 0.840033 0.866889
40: 44 10 0.890705 0.865068
41: 47 16 0.834188 0.863643
42: 52 16 0.811271 0.864969
43: 43 21 0.889467 0.863408
44: 45 16 0.91291 0.865624
45: 42 25 0.823671 0.868081
46: 48 20 0.980337 0.869495
47: 41 21 0.798605 0.870478
48: 52 13 0.948991 0.872592
49: 40 21 0.886127 0.870826
50: 41 16 0.888919 0.872241
51: 41 12 0.80007 0.870983
52: 58 18 0.87734 0.873232
53: 28 24 0.848302 0.878372
54: 47 18 0.836773 0.879106
55: 35 22 0.816391 0.881447
56: 44 21 1.06241 0.882495
57: 44 18 0.654726 0.877447
58: 49 18 0.682514 0.875003
59: 31 17 0.754774 0.874253
60: 54 17 0.910084 0.873869
61: 46 21 0.861879 0.874129
62: 54 20 0.712829 0.868608
63: 46 17 0.630927 0.864166
64: 39 18 0.858946 0.86692
65: 50 26 0.843833 0.868409
66: 41 21 0.96548 0.870591
67: 40 18 0.713743 0.869757
68: 50 25 0.941776 0.875872
69: 35 22 0.770887 0.872079
70: 36 27 0.746076 0.872779
71: 39 29 0.891193 0.872435
72: 45 16 0.811748 0.874093
73: 37 14 0.754249 0.86951
74: 39 22 1.1555 0.877928
75: 36 23 0.954303 0.87814
76: 46 16 0.986455 0.880772
77: 54 17 0.983455 0.88304
78: 45 25 0.960426 0.886042
79: 42 22 0.948938 0.885146
80: 44 21 0.739038 0.883897
81: 60 34 0.714554 0.877741
82: 41 22 0.88191 0.87737
83: 42 22 0.949711 0.87733
84: 45 20 0.738857 0.876397
85: 55 18 0.687664 0.871125
86: 39 26 0.675117 0.866251
87: 45 23 0.945883 0.867803
88: 42 31 1.00513 0.869847
89: 41 23 0.918429 0.868022
90: 51 27 0.831437 0.864857
91: 45 29 0.795005 0.86463
92: 40 24 0.795416 0.862916
93: 44 27 0.766629 0.860878
94: 37 25 0.855948 0.859462
95: 43 24 1.07101 0.865904
96: 44 29 0.950447 0.868178
97: 41 33 0.820749 0.865406
98: 47 24 0.808485 0.865908
99: 37 28 1.05453 0.870454
100: 41 21 0.921764 0.869694
101: 33 28 0.790108 0.86718
102: 44 23 0.916963 0.867698
103: 38 21 0.770465 0.86826
104: 45 16 0.781062 0.867159
105: 48 23 0.879792 0.867467
106: 47 29 0.717361 0.865598
107: 46 29 0.837928 0.86347
108: 47 20 0.832927 0.865236
109: 34 22 0.842705 0.865089
110: 52 23 0.89584 0.86511
111: 40 16 0.638726 0.860471
112: 45 23 0.775822 0.857931
113: 48 25 0.988973 0.860532
114: 42 25 0.860562 0.859919
115: 47 18 0.705146 0.857258
116: 34 21 0.967553 0.859013
117: 48 24 0.833741 0.8592
118: 44 26 0.961266 0.860548
119: 41 38 0.945419 0.861265
120: 49 20 1.19142 0.867073
121: 34 31 0.715123 0.865847
122: 40 31 1.24288 0.871271
123: 39 42 0.713162 0.872039
124: 43 26 1.03802 0.874968
125: 46 25 0.682697 0.871419
126: 37 24 0.90325 0.872259
127: 39 27 0.632803 0.867287
128: 39 25 0.84757 0.867908
129: 37 20 0.747268 0.865496
130: 33 24 0.916026 0.866898
131: 44 25 1.05942 0.871468
132: 40 32 0.849099 0.870587
133: 7947 19 0.844233 0.852426
134: 39 107 1.13667 0.853157
135: 53 177 0.740968 0.852507
136: 36 130 0.793189 0.852227
137: 44 143 0.774617 0.851913
138: 41 158 0.701111 0.851411
139: 42 133 0.775005 0.852416
140: 33 189 1.14048 0.855349
141: 40 306 0.961835 0.855909
142: 46 530 0.698787 0.855722
143: 47 668 0.896617 0.857133
144: 43 347 0.885645 0.858778
145: 56 101 0.876256 0.859931
146: 42 76 0.849062 0.859916
147: 39 76 0.942216 0.858687
148: 49 61 0.69104 0.85837
149: 33 54 0.96668 0.859591
150: 43 55 0.724763 0.857859
151: 40 42 0.743374 0.857479
152: 42 50 1.01394 0.858211
153: 39 41 0.733285 0.857213
154: 39 50 0.834451 0.857121
155: 42 46 0.918186 0.858286
156: 38 48 1.00694 0.858578
157: 45 42 0.90094 0.859075
158: 50 38 0.708807 0.858538
159: 41 38 0.849084 0.857248
160: 49 39 0.741457 0.857663
161: 30 38 0.763429 0.857243
162: 41 33 0.917962 0.856868
163: 42 40 0.861368 0.857271
164: 38 30 0.723386 0.857429
165: 40 43 0.672144 0.855583
166: 9295 39 0.831361 0.843139
167: 33 125 0.772385 0.844272
168: 46 213 0.76396 0.843903
169: 37 179 0.712472 0.844346
170: 35 181 0.690226 0.844314
171: 35 286 0.993584 0.843577
172: 48 704 0.780677 0.841989
173: 33 1147 0.979957 0.843709
174: 48 865 0.802379 0.843014
175: 49 786 0.715604 0.84231
176: 43 805 0.866942 0.841288
177: 39 403 0.864323 0.83996
178: 37 116 0.96278 0.840681
179: 46 75 0.766124 0.840271
180: 41 87 0.805883 0.840386
181: 42 81 0.850172 0.842258
182: 40 76 1.00163 0.8423
183: 45 73 0.787862 0.841858
184: 39 63 0.954284 0.842034
185: 37 54 1.43291 0.842951
186: 34 70 0.900543 0.843694
187: 51 53 0.762095 0.8427
188: 40 47 0.881379 0.842082
189: 45 48 0.958228 0.842279
190: 56 51 0.931115 0.84389
191: 43 46 1.11549 0.844224
192: 44 52 1.01063 0.844323
193: 36 42 0.794636 0.844859
194: 44 43 0.968813 0.844994
195: 29 45 0.976776 0.845195
196: 37 42 0.795119 0.845483
197: 45 40 0.765324 0.845209
198: 31 45 0.981696 0.845254
199: 32 37 0.918841 0.845817
200: 46 41 0.815684 0.846197
201: 32 30 1.01367 0.846387
202: 49 35 0.960763 0.84651
203: 42 54 0.921149 0.846389
204: 33 199 0.704154 0.846698
205: 49 714 0.997722 0.848216
206: 56 1100 1.02448 0.853902
207: 12837 638 0.843544 0.849764
208: 33 314 0.848921 0.850309
209: 44 334 1.03743 0.849589
210: 38 343 0.759606 0.849818
211: 41 434 0.858954 0.849436
212: 40 501 0.779032 0.849061
213: 43 549 0.699387 0.8491
214: 42 589 0.900614 0.851202
215: 41 659 0.982387 0.852545
216: 36 951 0.589669 0.854167
217: 29 1070 0.556756 0.853249
218: 42 597 0.679239 0.851294
219: 44 169 0.692884 0.851307
220: 37 99 0.632234 0.850755
221: 48 109 0.770552 0.850666
222: 45 89 0.699986 0.850728
223: 46 94 0.667705 0.849881
224: 44 90 1.02587 0.849838
225: 41 74 0.750198 0.849032
226: 32 61 0.851108 0.849242
227: 47 74 0.91019 0.849628
228: 49 66 0.723845 0.849122
229: 39 69 0.695366 0.849556
230: 36 74 0.931724 0.849212
231: 44 58 0.970404 0.848866
232: 38 45 0.635909 0.848282
233: 41 56 1.07324 0.849111
234: 53 40 0.980463 0.849054
235: 39 56 0.83278 0.849741
236: 38 55 0.800394 0.850192
237: 38 49 0.917673 0.849586
238: 35 41 0.920752 0.849832
239: 40 47 0.938367 0.850186
240: 35 32 0.639124 0.850266
241: 37 55 1.06387 0.850533
242: 27 96 0.872873 0.850645
243: 37 143 0.819246 0.850451
244: 37 264 0.766279 0.850643
245: 43 580 0.958867 0.851693
246: 38 1324 0.729091 0.852948
247: 42 1918 0.797593 0.855954
248: 53 1149 0.678298 0.858333
249: 36 395 0.853776 0.857603
250: 45 108 1.01993 0.858695
251: 47 50 0.723206 0.857623
252: 48 35 0.773912 0.856572
253: 39 35 0.674152 0.855724
254: 9523 30 0.842894 0.849273
255: 49 146 0.691988 0.848759
256: 46 200 0.877967 0.849794
257: 35 168 0.852274 0.849533
258: 43 171 0.704383 0.849632
259: 32 159 0.910686 0.850217
260: 35 165 0.711041 0.850132
261: 37 234 0.763776 0.850421
262: 46 356 0.953345 0.850254
263: 41 596 0.728921 0.849398
264: 38 793 1.00552 0.849411
265: 36 439 0.749569 0.849175
266: 39 113 0.84624 0.848638
267: 44 87 0.967287 0.84901
268: 34 77 0.65572 0.849376
269: 32 70 0.761636 0.849942
270: 37 69 0.563501 0.849645
271: 37 70 1.01704 0.850353
272: 36 67 1.24536 0.85111
273: 34 68 0.663076 0.850871
274: 46 57 1.0237 0.851837
275: 42 54 0.70577 0.851523
276: 30 62 1.02334 0.852013
277: 35 48 0.641298 0.851962
278: 45 53 0.742878 0.851384
279: 47 51 0.555756 0.850276
280: 42 53 0.89524 0.850482
281: 33 43 0.757509 0.850267
282: 36 82 0.87667 0.849696
283: 38 107 0.849879 0.850346
284: 35 212 0.764085 0.851016
285: 6770 371 0.835023 0.846885
286: 35 526 0.768187 0.846185
287: 45 702 0.837611 0.845401
288: 41 589 0.99307 0.845894
289: 33 485 0.756256 0.845646
290: 43 288 0.747106 0.844355
291: 42 241 0.890715 0.844153
292: 51 402 0.87995 0.844491
293: 39 953 0.82197 0.846873
294: 51 1629 0.791388 0.848181
295: 36 1272 0.98925 0.848139
296: 43 512 0.988122 0.846818
297: 42 138 0.960358 0.847202
298: 41 63 0.702167 0.846805
299: 33 67 0.793212 0.847114
300: 42 58 0.933615 0.84734
301: 35 62 0.920799 0.848156
302: 47 47 0.601383 0.846593
303: 31 53 0.850629 0.846985
304: 33 33 0.967204 0.847659
305: 38 51 0.899153 0.847998
306: 51 43 0.740819 0.847611
307: 44 57 1.09013 0.848926
308: 35 39 0.82812 0.848761
309: 42 35 0.874325 0.849459
310: 40 55 0.816785 0.849175
311: 36 43 0.79401 0.848966
312: 48 51 0.852498 0.848523
313: 51 40 0.909673 0.848656
314: 45 46 0.941034 0.849193
315: 41 41 1.05177 0.849611
316: 44 35 0.825931 0.84923
317: 39 35 0.881448 0.849128
318: 35 32 0.754346 0.849015
319: 43 47 0.964962 0.849165
320: 37 48 0.859255 0.849411
321: 41 46 1.02936 0.849544
322: 34 52 1.02481 0.84933
323: 30 132 0.854742 0.84963
324: 31 515 0.962295 0.853626
325: 30 778 1.27007 0.854618
326: 45 477 0.940216 0.852986
327: 38 177 0.979116 0.853167
328: 35 41 0.707605 0.8526
329: 37 58 0.84954 0.852511
330: 37 75 0.824501 0.852291
331: 31 154 0.756797 0.851877
332: 37 233 0.94465 0.850199
333: 47 367 0.907127 0.851533
334: 41 424 0.776927 0.852873
335: 39 347 1.11463 0.852636
336: 39 272 0.917584 0.85171
337: 36 144 0.793261 0.850483
338: 35 65 0.965579 0.850568
339: 41 46 0.969476 0.851259
340: 45 47 0.630234 0.850591
341: 40 30 0.98483 0.851338
342: 35 30 0.889493 0.852084
343: 33 32 0.698104 0.851677
344: 43 28 0.736696 0.850984
345: 44 32 0.806735 0.850312
346: 28 29 1.14666 0.851206
347: 41 39 0.664678 0.850566
348: 28 19 1.10937 0.851185
349: 29 30 0.893063 0.851174
350: 40 41 0.7968 0.851546
351: 31 35 0.93976 0.851614
352: 47 25 0.809836 0.851499
353: 35 31 0.97513 0.851268
354: 36 27 0.819084 0.851241
355: 53 31 1.09009 0.852415
356: 42 38 0.786015 0.851867
357: 35 27 1.03575 0.853241
358: 38 28 0.964254 0.853416
359: 37 38 0.890848 0.853698
360: 41 51 0.477861 0.852338
361: 28 59 0.845558 0.851903
362: 47 119 0.750814 0.851143
363: 33 229 0.741767 0.851128
364: 39 272 0.90492 0.849309
365: 38 286 0.614617 0.849008
366: 44 237 1.11759 0.851677
367: 36 199 0.930428 0.850975
368: 44 115 0.898998 0.850979
369: 42 66 0.698039 0.85077
370: 37 45 0.789503 0.850143
371: 30 32 0.74998 0.849961
372: 46 38 0.805637 0.849347
373: 42 27 0.653817 0.848449
374: 49 31 0.894006 0.849095
375: 36 31 0.937582 0.849767
376: 41 39 0.943424 0.85113
377: 33 29 0.926753 0.850671
378: 48 38 0.933558 0.850615
379: 26 35 0.69914 0.850947
380: 27 36 1.10036 0.851563
381: 30 30 0.87658 0.851266
382: 32 26 0.963603 0.851922
383: 44 35 0.673725 0.851946
384: 53 25 0.965192 0.852525
385: 40 34 1.03475 0.853277
386: 29 37 0.810284 0.852929
387: 37 39 0.894927 0.852814
388: 46 29 1.07247 0.854511
389: 32 33 0.813368 0.854441
390: 44 26 0.958468 0.854811
391: 36 38 0.87889 0.854493
392: 37 34 1.19437 0.855467
393: 56 35 0.790345 0.85551
394: 46 23 0.953223 0.855842
395: 32 31 0.786374 0.855521
396: 35 39 0.747723 0.854484
397: 35 33 0.748431 0.853708
398: 45 30 0.844883 0.853034
399: 42 34 0.85981 0.853096
400: 48 33 0.86021 0.852976
401: 34 34 0.725456 0.85305
402: 44 29 0.902712 0.853562
403: 43 25 0.833766 0.853422
404: 35 26 0.675672 0.852536
405: 46 35 0.859218 0.853195
406: 28 35 0.659456 0.853127
407: 32 37 0.757293 0.853012
408: 28 31 1.03076 0.853189
409: 32 34 0.483438 0.852485
410: 38 31 0.993764 0.85309
411: 53 38 0.676943 0.852632
412: 42 32 1.03442 0.852928
413: 43 37 0.821332 0.852031
414: 48 39 0.901166 0.852389
415: 29 35 0.696776 0.851983
416: 48 34 0.731432 0.851897
417: 41 27 1.01354 0.852038
418: 32 31 0.726474 0.851424
419: 41 21 0.881334 0.851503
420: 46 35 0.994102 0.851354
421: 46 28 0.896791 0.851261
422: 30 27 0.776908 0.85143
423: 47 30 0.997382 0.852145
424: 53 30 0.938805 0.852874
425: 39 47 0.710354 0.85291
426: 47 36 0.821108 0.852417
427: 41 33 0.664014 0.852506
428: 35 25 0.86719 0.852873
429: 38 28 0.861291 0.852708
430: 28 34 0.847416 0.852645
431: 39 28 0.84573 0.852332
432: 31 44 0.907117 0.852484
433: 33 38 0.755709 0.852098
434: 47 31 0.981135 0.852226
435: 44 32 0.895609 0.85195
436: 36 35 0.829127 0.851527
437: 44 24 0.736042 0.850298
438: 40 37 0.90784 0.850311
439: 45 40 0.932635 0.85047
440: 49 30 0.856576 0.850894
441: 41 29 0.7184 0.850426
442: 40 34 0.801096 0.849797
443: 47 28 0.651051 0.848238
444: 44 36 0.802553 0.848165
445: 38 31 1.05909 0.849022
446: 41 37 0.855689 0.848662
447: 43 31 0.781454 0.848863
448: 39 33 0.818745 0.848829
449: 36 39 0.91183 0.849157
450: 33 39 0.694554 0.848465
451: 48 28 0.780166 0.848594
452: 45 35 0.785838 0.848172
453: 46 46 0.695096 0.847791
454: 40 42 1.02169 0.847614
455: 60 35 1.14583 0.849374
456: 34 28 0.739134 0.847932
457: 24 29 0.550969 0.846873
458: 39 41 1.07382 0.847028
459: 36 26 0.920604 0.847707
460: 36 28 0.615597 0.846921
461: 36 38 0.71103 0.847057
462: 37 36 0.831048 0.846636
463: 47 30 0.925091 0.847359
464: 44 38 1.09088 0.848294
465: 47 35 0.779362 0.848616
466: 32 35 1.05233 0.848963
467: 34 32 0.959492 0.849228
468: 35 32 0.572606 0.847833
469: 37 35 0.954055 0.84843
470: 43 29 1.00906 0.849159
471: 33 41 0.846308 0.848471
472: 45 35 0.858671 0.849098
473: 45 42 0.811298 0.84926
474: 37 34 0.885223 0.848727
475: 35 39 0.822923 0.848005
476: 38 32 0.834979 0.847862
477: 27 47 0.69253 0.847366
478: 41 27 0.699263 0.846455
479: 34 33 0.84797 0.846583
480: 38 31 0.734083 0.845895
481: 39 25 1.00904 0.846801
482: 43 33 0.787461 0.847166
483: 44 31 0.884109 0.847359
484: 41 36 0.852025 0.848058
485: 49 31 0.933867 0.84828
486: 44 36 0.96953 0.848426
487: 34 22 0.86128 0.848785
488: 49 35 0.973348 0.849683
489: 34 33 0.781492 0.848927
490: 35 39 0.878136 0.849006
491: 39 29 0.878567 0.849121
492: 41 39 0.870754 0.848739
493: 44 30 0.917832 0.84812
494: 40 34 0.932154 0.848557
495: 34 42 0.756514 0.848279
496: 47 29 0.756055 0.84734
497: 32 31 0.856057 0.847213
498: 39 41 0.602162 0.847095
499: 37 35 0.798581 0.847022
500: 46 40 0.717423 0.846761
501: 42 35 0.824298 0.846784
502: 32 31 0.9606 0.847082
503: 36 50 1.04895 0.847027
504: 42 28 0.772973 0.847448
505: 39 34 0.92254 0.847908
506: 37 42 0.806466 0.847907
507: 37 40 0.82324 0.848514
508: 49 27 1.0276 0.849119
509: 31 23 0.692862 0.848643
510: 24 37 1.03147 0.848766
511: 36 44 0.977595 0.84954
512: 38 19 0.995565 0.849526
513: 43 38 0.759763 0.849109
514: 35 28 0.831337 0.84915
515: 34 35 0.64718 0.848796
516: 42 43 0.746487 0.847743
517: 38 26 0.754024 0.84783
518: 36 39 0.903734 0.848671
519: 38 33 0.883594 0.849268
520: 39 41 0.592818 0.848799
521: 37 38 0.924545 0.848475
522: 47 29 0.827287 0.848634
523: 34 38 0.928509 0.849043
524: 41 27 0.790423 0.849409
525: 32 45 0.905568 0.849429
526: 30 29 0.832437 0.849547
527: 44 33 0.888498 0.850035
528: 48 32 0.724566 0.84881
529: 41 31 0.865763 0.848713
530: 47 41 0.902304 0.848623
531: 45 29 0.909225 0.848905
532: 38 28 0.976514 0.849529
533: 44 34 0.861868 0.848828
534: 36 39 0.98992 0.848684
535: 33 30 0.81151 0.848967
536: 30 26 1.15522 0.849258
537: 47 44 0.951738 0.849989
538: 47 34 0.753722 0.848824
539: 38 28 0.768991 0.849462
540: 41 34 1.01194 0.850285
541: 42 30 0.821689 0.850265
542: 31 34 0.914834 0.850018
543: 37 31 0.653583 0.849923
544: 27 35 0.715365 0.849481
545: 42 47 0.767707 0.849488
546: 37 34 1.10849 0.850742
547: 43 41 0.942692 0.850478
548: 41 44 0.743245 0.850691
549: 36 28 0.965109 0.8512
550: 36 34 0.994376 0.851506
551: 44 33 0.906354 0.851962
552: 38 43 0.727068 0.852058
553: 42 37 0.924453 0.852933
554: 37 26 0.816531 0.852818
555: 31 29 0.700957 0.852526
556: 41 36 0.953023 0.85283
557: 39 38 1.07083 0.854258
558: 34 25 0.953747 0.854785
559: 36 41 0.984989 0.855028
560: 32 31 1.03981 0.85567
561: 42 34 0.649172 0.85492
562: 40 29 1.09975 0.856175
563: 23 30 0.778975 0.855804
564: 31 26 0.96924 0.855811
565: 37 26 0.662803 0.854966
566: 33 39 0.883978 0.855464
567: 34 35 1.12417 0.855965
568: 37 28 0.757747 0.855675
569: 37 39 0.575011 0.85455
570: 30 29 0.840751 0.854788
571: 46 36 0.729255 0.85426
572: 33 40 0.770471 0.853598
573: 44 31 0.753924 0.853463
574: 41 35 0.950806 0.853319
575: 40 32 1.06638 0.853956
576: 36 31 0.734357 0.854428
577: 44 27 0.86782 0.854391
578: 46 39 0.70501 0.8535
579: 36 38 0.860535 0.853813
580: 28 31 0.871256 0.854204
581: 41 29 0.785383 0.853278
582: 45 29 0.990479 0.853851
583: 27 37 0.798629 0.853721
584: 35 25 0.778652 0.853408
585: 33 29 1.05449 0.854141
586: 55 28 0.720213 0.854059
587: 37 39 1.0163 0.854704
588: 38 42 0.808839 0.853907
589: 39 39 0.833564 0.854008
590: 32 33 0.769925 0.853884
591: 37 31 0.7338 0.852609
592: 37 37 0.898239 0.852308
593: 36 34 0.762268 0.851811
594: 44 38 0.812173 0.85118
595: 37 37 0.746462 0.850676
596: 48 28 0.81592 0.850769
597: 30 33 1.10541 0.851609
598: 36 21 0.877735 0.851515
599: 31 43 0.637148 0.850805
600: 32 30 1.1416 0.851276
601: 34 35 0.792249 0.850826
602: 33 46 0.629882 0.850267
603: 40 41 0.700377 0.850177
604: 32 41 0.859503 0.849647
605: 30 26 0.807191 0.849459
606: 36 39 0.853609 0.850248
607: 34 42 0.577971 0.849392
608: 52 32 0.734875 0.848801
609: 43 39 0.767471 0.848592
610: 41 32 1.26188 0.849442
611: 38 26 0.659307 0.848601
612: 41 32 0.772731 0.849001
613: 31 27 0.790442 0.849099
614: 21 40 0.875951 0.848885
615: 41 35 0.739835 0.848439
616: 38 28 0.604971 0.847452
617: 37 40 0.91412 0.847296
618: 40 43 0.82739 0.847737
619: 34 28 0.871573 0.847558
620: 33 31 0.858962 0.847224
621: 51 34 1.1547 0.848228
622: 31 35 1.01182 0.849565
623: 45 31 0.767901 0.848741
624: 55 33 0.890799 0.848503
625: 29 35 0.81544 0.847856
626: 32 33 0.786969 0.847439
627: 34 29 0.751589 0.847261
628: 32 34 0.93751 0.847245
629: 45 30 0.769656 0.847525
630: 35 42 0.829148 0.847303
631: 43 30 0.859175 0.847211
632: 34 26 0.581177 0.846197
633: 38 37 0.818533 0.84579
634: 22 32 0.737949 0.845262
635: 49 42 0.775782 0.845056
636: 30 33 0.723796 0.844597
637: 38 38 0.624194 0.84387
638: 41 31 0.662698 0.843259
639: 43 34 0.746279 0.843246
640: 30 39 0.83091 0.843939
641: 39 20 0.78158 0.844109
642: 48 24 0.760662 0.843617
643: 32 29 0.694224 0.843216
644: 41 27 0.754459 0.843234
645: 39 26 0.857122 0.843332
646: 46 29 0.66603 0.843268
647: 45 30 0.762081 0.843094
648: 56 48 1.03526 0.844927
649: 30 40 0.926368 0.845551
650: 44 43 0.707752 0.844907
651: 33 29 0.552781 0.843852
652: 48 48 1.06505 0.844723
653: 12885 38 0.835151 0.83962
654: 35 159 0.740683 0.839539
655: 41 259 0.674049 0.838598
656: 49 214 0.952159 0.839652
657: 39 244 0.822169 0.839269
658: 25 241 0.882219 0.83966
659: 42 231 0.82694 0.838756
660: 28 318 0.86565 0.838338
661: 35 486 1.0763 0.839571
662: 37 871 0.770452 0.839969
663: 37 1080 0.905805 0.839651
664: 33 609 0.972977 0.840172
665: 38 157 1.14866 0.840876
666: 34 117 0.824156 0.841064
667: 36 125 0.547415 0.840141
668: 28 100 0.608676 0.839654
669: 39 95 1.26955 0.840281
670: 38 76 0.764689 0.840367
671: 34 76 0.912709 0.840109
672: 28 71 0.936744 0.840182
673: 38 76 0.895844 0.8408
674: 49 70 0.885697 0.841169
675: 38 75 0.823984 0.84064
676: 41 60 0.65759 0.840673
677: 29 54 0.694209 0.840812
678: 39 58 0.888084 0.84053
679: 28 59 0.748322 0.84077
680: 35 47 0.954241 0.841266
681: 42 64 0.815946 0.840944
682: 23 48 0.868132 0.841365
683: 31 57 1.14759 0.841414
684: 37 60 0.911481 0.841602
685: 32 48 0.78345 0.84138
686: 41 38 0.650208 0.840711
687: 46 55 0.838532 0.841039
688: 43 59 0.794296 0.840689
689: 46 51 1.09228 0.841133
690: 39 67 1.01943 0.841495
691: 42 268 0.935381 0.840943
692: 34 946 0.779864 0.843853
693: 33 1483 1.20142 0.845672
694: 34 964 0.543398 0.845417
695: 48 253 0.735504 0.844865
696: 40 78 1.18987 0.844878
697: 24 40 0.790366 0.844593
698: 38 44 0.90336 0.8452
699: 41 41 0.859852 0.844396
700: 48 38 0.783769 0.844101
701: 50 33 0.715418 0.843672
702: 40 41 0.956924 0.843309
703: 41 49 0.659893 0.842919
704: 44 42 0.920489 0.843829
705: 38 44 0.899495 0.843944
706: 53 39 0.871973 0.844423
707: 42 40 0.900877 0.845069
708: 28 44 0.733076 0.845382
709: 32 31 0.792651 0.845439
710: 46 51 0.955113 0.844996
711: 46 39 1.06747 0.845845
712: 37 35 0.881563 0.845495
713: 44 38 0.852637 0.845695
714: 39 45 0.956031 0.846009
715: 35 43 0.899733 0.845928
716: 34 33 0.830162 0.845941
717: 29 46 0.876267 0.845866
718: 39 33 1.03635 0.846953
719: 32 48 0.716142 0.846609
720: 42 42 0.744137 0.846797
721: 28 37 0.688215 0.846564
722: 24 35 1.03091 0.846908
723: 34 47 0.797074 0.846502
724: 32 48 0.697008 0.845535
725: 29 36 0.813619 0.845627
726: 32 35 1.06267 0.845585
727: 34 54 0.847436 0.84615
728: 30 64 0.626177 0.844836
729: 29 122 1.11199 0.846852
730: 30 204 0.789218 0.846425
731: 29 347 0.910371 0.845418
732: 28 482 0.801509 0.844062
733: 23 570 0.969242 0.844588
734: 47 453 0.878919 0.8456
735: 32 346 0.921564 0.84592
736: 26 207 1.1214 0.844863
737: 35 107 0.808096 0.846244
738: 45 59 0.931797 0.846697
739: 33 40 0.841588 0.845962
740: 29 30 0.906783 0.846232
741: 33 27 0.511725 0.845269
742: 27 45 0.927262 0.8446
743: 30 40 0.532388 0.843142
744: 35 44 0.884574 0.843136
745: 36 38 0.742504 0.842898
746: 36 42 0.848536 0.843288
747: 25 44 1.05847 0.843362
748: 32 26 0.787445 0.84301
749: 29 35 0.786601 0.843117
750: 33 42 0.679838 0.842863
751: 43 36 1.18681 0.84308
752: 29 42 0.762125 0.842381
753: 9966 31 0.834842 0.838985
754: 37 146 0.976525 0.839435
755: 32 192 0.815985 0.838562
756: 28 206 1.02197 0.83954
757: 31 172 0.933251 0.839786
758: 30 206 0.950717 0.839657
759: 25 167 0.556 0.838703
760: 26 214 1.19513 0.838885
761: 27 371 0.856633 0.838582
762: 22 703 1.08364 0.838736
763: 28 831 1.15349 0.838024
764: 21 455 0.957571 0.837425
765: 16 139 0.863693 0.837591
766: 22 108 0.783971 0.836945
767: 22 98 0.700908 0.836879
768: 21 85 0.53152 0.836402
769: 22 92 0.568099 0.836124
770: 21 91 1.28143 0.83626
771: 26 86 0.780663 0.836643
772: 31 88 1.23546 0.837341
773: 27 67 0.853529 0.837422
774: 30 57 0.785737 0.837068
775: 26 65 0.836359 0.836751
776: 23 54 0.632916 0.836089
777: 22 69 0.870736 0.835876
778: 18 65 0.813667 0.836153
779: 22 56 0.946401 0.836256
780: 22 50 0.686462 0.835498
781: 19 59 0.71756 0.835306
782: 21 64 0.774841 0.835174
783: 21 51 0.913197 0.83558
784: 15 73 1.32284 0.83582
785: 17 55 0.638102 0.835318
786: 20 54 0.891934 0.834851
787: 26 58 0.9323 0.835021
788: 28 49 0.739499 0.834756
789: 24 41 0.915303 0.834607
790: 23 69 0.839967 0.834113
791: 12 235 1.31806 0.83342
792: 13 785 0.719784 0.8327
793: 15 1187 0.856402 0.833573
794: 17 714 0.783558 0.833393
795: 10 258 0.842128 0.834275
796: 12 58 0.917589 0.834104
797: 13 57 1.68228 0.834491
798: 15 52 0.701449 0.833978
799: 19 56 0.712004 0.834312
