2416 2514 0.961 | 2114 2688 0.786
4308 4592 0.938 | 3656 4772 0.766
6676 7110 0.939 | 5424 6972 0.778
8988 9560 0.940 | 7642 8932 0.856
11746 12010 0.978 | 9608 10892 0.882
14132 14950 0.945 | 11890 13244 0.898
17022 17400 0.978 | 13982 15204 0.920
18448 18870 0.978 | 15266 16380 0.932
20088 20830 0.964 | 16752 17948 0.933
21678 22300 0.972 | 18198 19124 0.952
24016 24750 0.970 | 19782 21084 0.938
25068 26578 0.943 | 21062 22598 0.932
26560 27916 0.951 | 21828 23720 0.920
27908 29386 0.950 | 22808 24896 0.916
30262 31346 0.965 | 24484 26464 0.925
31314 32816 0.954 | 25326 27640 0.916
32550 33796 0.963 | 26310 28424 0.926
34866 36246 0.962 | 27630 30384 0.909
36356 37716 0.964 | 29106 31560 0.922
37810 39186 0.965 | 30364 32736 0.928
39294 40166 0.978 | 31494 33520 0.940
39962 41146 0.971 | 31920 34304 0.931
42236 43106 0.980 | 33960 35872 0.947
43606 44576 0.978 | 34960 37048 0.944
44950 46046 0.976 | 36110 38224 0.945
46148 47516 0.971 | 37038 39400 0.940
47916 48986 0.978 | 38468 40576 0.948
50164 50946 0.985 | 39976 42144 0.949
51304 52906 0.970 | 41164 43712 0.942
53294 54376 0.980 | 42600 44888 0.949
54566 55846 0.977 | 43622 46064 0.947
55682 56826 0.980 | 44548 46848 0.951
58218 59276 0.982 | 46452 48808 0.952
59634 60746 0.982 | 47616 49984 0.953
61480 62706 0.980 | 49136 51552 0.953
63492 64666 0.982 | 51188 53120 0.964
65198 66626 0.979 | 52304 54688 0.956
66408 67606 0.982 | 53128 55472 0.958
67844 69076 0.982 | 54060 56648 0.954
69228 71036 0.975 | 55504 58216 0.953
70504 72016 0.979 | 56786 59000 0.962
71982 72996 0.986 | 58116 59784 0.972
73138 74466 0.982 | 59116 60960 0.970
74176 75446 0.983 | 60064 61744 0.973
75486 77406 0.975 | 61420 63312 0.970
76576 78876 0.971 | 62562 64488 0.970
77706 80082 0.970 | 63982 65556 0.976
78490 80930 0.970 | 64672 66286 0.976
79612 81678 0.975 | 65814 66952 0.983
80366 82884 0.970 | 66320 68020 0.975
81958 84154 0.974 | 67110 69068 0.972
83494 85524 0.976 | 68266 70180 0.973
85028 86994 0.977 | 69446 71356 0.973
86088 87974 0.979 | 70336 72140 0.975
86766 88954 0.975 | 70510 72924 0.967
87752 89934 0.976 | 70980 73708 0.963
88528 90424 0.979 | 71844 74100 0.970
89686 90914 0.986 | 72742 74492 0.977
90784 92384 0.983 | 73864 75668 0.976
92818 94344 0.984 | 75252 77236 0.974
93888 95814 0.980 | 76520 78412 0.976
94684 96304 0.983 | 77088 78804 0.978
96676 98264 0.984 | 78516 80372 0.977
97136 99244 0.979 | 79294 81156 0.977
97736 100224 0.975 | 79798 81940 0.974
98870 101204 0.977 | 80628 82724 0.975
99592 102184 0.975 | 81438 83508 0.975
101438 104012 0.975 | 83030 85022 0.977
102850 105966 0.971 | 84654 86756 0.976
103612 106746 0.971 | 85536 87412 0.979
105068 108274 0.970 | 87086 88734 0.981
105630 109022 0.969 | 87754 89400 0.982
106898 110518 0.967 | 88808 90732 0.979
108002 111234 0.971 | 89774 91408 0.982
108680 112730 0.964 | 90738 92740 0.978
109876 114194 0.962 | 91860 94082 0.976
110330 114910 0.960 | 92550 94758 0.977
111712 115268 0.969 | 93494 95096 0.983
113062 116048 0.974 | 94438 95752 0.986
113704 117870 0.965 | 95460 97432 0.980
116128 119398 0.973 | 96844 98754 0.981
116404 119788 0.972 | 97214 99082 0.981
116880 120536 0.970 | 97368 99748 0.976
118660 122096 0.972 | 98836 101060 0.978
119914 123918 0.968 | 100386 102740 0.977
120812 124308 0.972 | 100850 103068 0.978
122062 125056 0.976 | 101678 103734 0.980
122282 125446 0.975 | 102136 104062 0.981
123658 126520 0.977 | 103450 105076 0.985
125190 128080 0.977 | 104508 106388 0.982
125044 128470 0.973 | 104402 106716 0.978
126042 128828 0.978 | 105018 107054 0.981
126502 129576 0.976 | 105696 107720 0.981
126758 129966 0.975 | 105722 108048 0.978
127592 131072 0.973 | 106906 109052 0.980
128274 131430 0.976 | 107276 109390 0.981
129764 132568 0.979 | 108572 110384 0.984
130362 133316 0.978 | 108998 111050 0.982
131006 134454 0.974 | 109852 112044 0.980
131490 134844 0.975 | 110638 112372 0.985
131880 135202 0.975 | 110990 112710 0.985
132966 136308 0.975 | 111876 113714 0.984
133678 136666 0.978 | 111862 114052 0.981
135036 137446 0.982 | 112686 114708 0.982
135078 137836 0.980 | 112986 115036 0.982
135870 138974 0.978 | 113490 116030 0.978
136714 140144 0.976 | 114140 117014 0.975
137952 140534 0.982 | 115188 117342 0.982
138730 141672 0.979 | 115796 118336 0.979
140282 142452 0.985 | 117180 118992 0.985
141142 143200 0.986 | 117732 119658 0.984
141622 144338 0.981 | 118546 120652 0.983
142450 145118 0.982 | 118930 121308 0.980
142724 145508 0.981 | 119266 121636 0.981
143386 145898 0.983 | 119686 121964 0.981
143802 146614 0.981 | 120056 122640 0.979
144106 146972 0.980 | 120294 122978 0.978
145734 148142 0.984 | 121026 123962 0.976
146234 148632 0.984 | 120832 124354 0.972
146874 149122 0.985 | 121316 124746 0.973
148432 150002 0.990 | 122554 125466 0.977
148164 150392 0.985 | 122794 125794 0.976
149238 151662 0.984 | 123424 126842 0.973
149980 152542 0.983 | 124034 127562 0.972
151090 153522 0.984 | 125004 128346 0.974
151570 154302 0.982 | 125578 129002 0.973
153084 155082 0.987 | 126744 129658 0.978
154368 156320 0.988 | 127628 130716 0.976
155292 157100 0.988 | 128360 131372 0.977
155142 157590 0.984 | 128852 131764 0.978
155190 157980 0.982 | 128914 132092 0.976
155430 158338 0.982 | 129476 132430 0.978
156350 159086 0.983 | 130250 133096 0.979
157430 159866 0.985 | 131220 133752 0.981
158294 161394 0.981 | 132374 135074 0.980
159446 162174 0.983 | 132606 135730 0.977
160876 162922 0.987 | 133418 136396 0.978
162096 164060 0.988 | 134712 137390 0.981
162432 164840 0.985 | 134656 138046 0.975
163360 165720 0.986 | 135522 138766 0.977
164198 166210 0.988 | 136516 139158 0.981
164580 166700 0.987 | 136654 139550 0.979
165238 167090 0.989 | 137262 139878 0.981
165704 167580 0.989 | 137586 140270 0.981
166316 168750 0.986 | 138052 141254 0.977
168134 170182 0.988 | 139240 142606 0.976
169008 171162 0.987 | 139760 143390 0.975
168864 171552 0.984 | 139996 143718 0.974
171234 172922 0.990 | 141040 144830 0.974
172298 174292 0.989 | 142268 145942 0.975
173222 175072 0.989 | 143124 146598 0.976
173780 176052 0.987 | 143330 147382 0.973
174336 176542 0.988 | 143788 147774 0.973
175320 177422 0.988 | 144886 148494 0.976
175828 177812 0.989 | 145728 148822 0.979
176244 178982 0.985 | 146440 149806 0.978
176700 179372 0.985 | 146948 150134 0.979
177470 179762 0.987 | 147714 150462 0.982
178188 180932 0.985 | 148248 151446 0.979
179402 182102 0.985 | 149150 152430 0.978
180350 182882 0.986 | 149898 153086 0.979
180846 183272 0.987 | 149878 153414 0.977
180936 183662 0.985 | 150266 153742 0.977
181588 184442 0.985 | 150734 154398 0.976
181818 185222 0.982 | 151184 155054 0.975
182418 185222 0.985 | 152294 155054 0.982
182864 186002 0.983 | 152832 155710 0.982
183756 186782 0.984 | 154040 156366 0.985
184510 187952 0.982 | 154576 157350 0.982
185176 187952 0.985 | 155198 157350 0.986
185346 188732 0.982 | 155378 158006 0.983
185788 189512 0.980 | 156238 158662 0.985
186898 191008 0.978 | 156952 159994 0.981
187232 191398 0.978 | 157470 160322 0.982
187250 191398 0.978 | 157556 160322 0.983
188446 192568 0.979 | 158220 161306 0.981
188604 192958 0.977 | 158386 161634 0.980
188964 193316 0.977 | 159206 161972 0.983
189276 194064 0.975 | 159434 162638 0.980
189902 194422 0.977 | 160078 162976 0.982
190366 194812 0.977 | 160378 163304 0.982
191404 195202 0.981 | 160460 163632 0.981
191796 195592 0.981 | 160644 163960 0.980
192146 195592 0.982 | 160852 163960 0.981
192680 195982 0.983 | 161388 164288 0.982
193442 196762 0.983 | 162478 164944 0.985
193588 197152 0.982 | 162740 165272 0.985
194006 197932 0.980 | 162854 165928 0.981
194800 197932 0.984 | 163260 165928 0.984
195150 198322 0.984 | 163148 166256 0.981
195930 199102 0.984 | 163676 166912 0.981
197316 199882 0.987 | 164932 167568 0.984
198576 200662 0.990 | 165944 168224 0.986
198572 201442 0.986 | 166254 168880 0.984
200206 203002 0.986 | 167352 170192 0.983
200022 203002 0.985 | 167270 170192 0.983
200768 203782 0.985 | 167434 170848 0.980
201646 204172 0.988 | 168366 171176 0.984
201606 204562 0.986 | 168400 171504 0.982
202072 205342 0.984 | 168876 172160 0.981
203284 205732 0.988 | 169824 172488 0.985
202780 205732 0.986 | 169688 172488 0.984
203166 206122 0.986 | 169670 172816 0.982
203716 206122 0.988 | 169714 172816 0.982
204168 206902 0.987 | 170148 173472 0.981
204308 207292 0.986 | 170508 173800 0.981
204646 207292 0.987 | 170496 173800 0.981
206078 208462 0.989 | 171196 174784 0.979
206674 209242 0.988 | 171188 175440 0.976
206990 209632 0.987 | 171570 175768 0.976
208066 210412 0.989 | 172824 176424 0.980
208120 211192 0.985 | 173012 177080 0.977
208224 211192 0.986 | 173164 177080 0.978
209462 211582 0.990 | 173802 177408 0.980
210078 212752 0.987 | 173818 178392 0.974
211132 213532 0.989 | 174862 179048 0.977
211492 213922 0.989 | 175304 179376 0.977
212230 214702 0.988 | 176482 180032 0.980
212656 215092 0.989 | 176864 180360 0.981
213134 215482 0.989 | 177130 180688 0.980
213826 216262 0.989 | 177892 181344 0.981
214788 217042 0.990 | 178594 182000 0.981
215200 217432 0.990 | 179346 182328 0.984
216012 218212 0.990 | 179958 182984 0.983
216376 219382 0.986 | 180654 183968 0.982
217796 220552 0.988 | 181610 184952 0.982
218266 220942 0.988 | 182292 185280 0.984
218454 221332 0.987 | 182528 185608 0.983
219000 222502 0.984 | 183202 186592 0.982
219736 222892 0.986 | 183604 186920 0.982
220562 223282 0.988 | 183728 187248 0.981
221328 223672 0.990 | 184160 187576 0.982
222120 224062 0.991 | 184740 187904 0.983
223356 225622 0.990 | 185358 189216 0.980
223968 226402 0.989 | 185602 189872 0.978
224950 227182 0.990 | 186396 190528 0.978
225574 227962 0.990 | 187040 191184 0.978
225838 228352 0.989 | 187678 191512 0.980
226584 229132 0.989 | 188060 192168 0.979
227684 229912 0.990 | 188728 192824 0.979
227518 230692 0.986 | 189120 193480 0.977
227318 230692 0.985 | 189282 193480 0.978
227926 230692 0.988 | 189126 193480 0.977
227968 231082 0.987 | 189376 193808 0.977
228382 231082 0.988 | 189274 193808 0.977
229504 231862 0.990 | 190434 194464 0.979
230066 232252 0.991 | 190892 194792 0.980
231032 233812 0.988 | 191380 196104 0.976
232056 234592 0.989 | 192414 196760 0.978
232308 234592 0.990 | 192242 196760 0.977
232904 235372 0.990 | 192428 197416 0.975
233980 236152 0.991 | 193536 198072 0.977
234924 236932 0.992 | 194320 198728 0.978
235620 237712 0.991 | 194640 199384 0.976
235730 238592 0.988 | 194302 200104 0.971
236848 238982 0.991 | 195348 200432 0.975
237526 240252 0.989 | 195536 201480 0.970
238024 240742 0.989 | 196096 201872 0.971
238100 240742 0.989 | 196578 201872 0.974
238372 241132 0.989 | 196754 202200 0.973
240050 242692 0.989 | 198122 203512 0.974
240382 243082 0.989 | 198674 203840 0.975
240966 243472 0.990 | 199618 204168 0.978
241684 243862 0.991 | 200372 204496 0.980
243020 245422 0.990 | 201572 205808 0.979
243674 246592 0.988 | 201908 206792 0.976
242730 246592 0.984 | 201458 206792 0.974
243194 246592 0.986 | 201906 206792 0.976
244020 246592 0.990 | 202410 206792 0.979
245406 247762 0.990 | 203664 207776 0.980
245994 248542 0.990 | 203804 208432 0.978
246542 249322 0.989 | 204238 209088 0.977
246110 249322 0.987 | 203994 209088 0.976
247224 249712 0.990 | 204912 209416 0.978
248318 250492 0.991 | 205694 210072 0.979
248696 250882 0.991 | 205882 210400 0.979
249880 252052 0.991 | 206340 211384 0.976
250628 252832 0.991 | 206518 212040 0.974
250744 252832 0.992 | 206730 212040 0.975
250578 253222 0.990 | 206840 212368 0.974
250428 253222 0.989 | 207016 212368 0.975
251268 254002 0.989 | 207542 213024 0.974
251936 255172 0.987 | 208086 214008 0.972
253270 255952 0.990 | 209204 214664 0.975
254540 256732 0.991 | 210096 215320 0.976
254898 257902 0.988 | 210224 216304 0.972
255732 258292 0.990 | 210982 216632 0.974
255688 258292 0.990 | 211122 216632 0.975
256378 258292 0.993 | 211580 216632 0.977
257384 259462 0.992 | 212240 217616 0.975
257210 259462 0.991 | 211978 217616 0.974
257286 259852 0.990 | 212706 217944 0.976
257542 260242 0.990 | 212910 218272 0.975
258504 261022 0.990 | 213924 218928 0.977
259182 262192 0.989 | 214534 219912 0.976
259146 262192 0.988 | 214802 219912 0.977
259556 262192 0.990 | 215012 219912 0.978
260414 262972 0.990 | 215662 220568 0.978
260630 263362 0.990 | 216046 220896 0.978
261042 263752 0.990 | 216326 221224 0.978
261310 264142 0.989 | 216334 221552 0.976
262364 264922 0.990 | 217380 222208 0.978
262968 265702 0.990 | 217958 222864 0.978
264306 266872 0.990 | 219068 223848 0.979
264670 267652 0.989 | 218936 224504 0.975
265232 267652 0.991 | 219244 224504 0.977
265902 268822 0.989 | 219488 225488 0.973
266604 269212 0.990 | 219550 225816 0.972
267312 269992 0.990 | 220064 226472 0.972
268206 270772 0.991 | 220788 227128 0.972
268254 271552 0.988 | 220922 227784 0.970
269704 272332 0.990 | 221768 228440 0.971
270716 273112 0.991 | 222498 229096 0.971
271148 274382 0.988 | 222438 230144 0.967
271684 274382 0.990 | 223336 230144 0.970
272816 275162 0.991 | 223926 230800 0.970
272810 275652 0.990 | 223624 231192 0.967
273900 276532 0.990 | 224782 231912 0.969
273900 277312 0.988 | 224882 232568 0.967
274444 277312 0.990 | 225386 232568 0.969
274406 277702 0.988 | 225388 232896 0.968
274384 277702 0.988 | 225354 232896 0.968
275168 278092 0.989 | 226064 233224 0.969
275502 278092 0.991 | 226438 233224 0.971
275732 278482 0.990 | 226886 233552 0.971
276118 278872 0.990 | 227266 233880 0.972
276488 279262 0.990 | 227794 234208 0.973
276750 279652 0.990 | 228098 234536 0.973
276976 279652 0.990 | 228696 234536 0.975
277790 280432 0.991 | 229356 235192 0.975
278836 281602 0.990 | 229710 236176 0.973
279462 281992 0.991 | 230322 236504 0.974
280012 282772 0.990 | 230904 237160 0.974
280960 283552 0.991 | 231830 237816 0.975
281038 283942 0.990 | 232388 238144 0.976
282064 284332 0.992 | 233340 238472 0.978
282310 285502 0.989 | 233690 239456 0.976
282820 285502 0.991 | 234460 239456 0.979
283200 285892 0.991 | 235286 239784 0.981
283450 285892 0.991 | 235604 239784 0.983
283610 285892 0.992 | 236190 239784 0.985
284506 286672 0.992 | 236846 240440 0.985
285604 287842 0.992 | 237652 241424 0.984
287000 289402 0.992 | 238438 242736 0.982
287232 289792 0.991 | 238446 243064 0.981
288170 290572 0.992 | 239238 243720 0.982
288472 290962 0.991 | 239060 244048 0.980
288344 291352 0.990 | 239662 244376 0.981
288170 291352 0.989 | 239812 244376 0.981
288482 291352 0.990 | 239762 244376 0.981
288934 291742 0.990 | 240114 244704 0.981
290304 292522 0.992 | 241422 245360 0.984
290874 293692 0.990 | 242158 246344 0.983
291034 293692 0.991 | 241942 246344 0.982
291766 294082 0.992 | 242938 246672 0.985
292054 295252 0.989 | 243608 247656 0.984
292412 295252 0.990 | 243852 247656 0.985
293764 296032 0.992 | 244544 248312 0.985
294592 296812 0.993 | 245340 248968 0.985
295388 297982 0.991 | 246228 249952 0.985
295496 298372 0.990 | 246440 250280 0.985
296082 298762 0.991 | 246940 250608 0.985
296950 299152 0.993 | 247410 250936 0.986
298068 300712 0.991 | 247868 252248 0.983
298346 301492 0.990 | 248364 252904 0.982
299196 301882 0.991 | 248906 253232 0.983
299638 302662 0.990 | 249250 253888 0.982
299990 302662 0.991 | 249390 253888 0.982
300646 303052 0.992 | 249534 254216 0.982
300936 303442 0.992 | 249852 254544 0.982
301050 303832 0.991 | 250182 254872 0.982
302096 304222 0.993 | 250762 255200 0.983
302406 305002 0.991 | 251014 255856 0.981
303170 305782 0.991 | 251742 256512 0.981
304224 306562 0.992 | 252568 257168 0.982
304626 307342 0.991 | 253162 257824 0.982
304940 307732 0.991 | 253140 258152 0.981
306108 308902 0.991 | 253682 259136 0.979
306754 309682 0.991 | 254138 259792 0.978
307830 310852 0.990 | 255012 260776 0.978
307722 311242 0.989 | 255042 261104 0.977
307780 311242 0.989 | 254922 261104 0.976
308994 312022 0.990 | 255620 261760 0.977
309762 312802 0.990 | 256104 262416 0.976
309132 312802 0.988 | 256094 262416 0.976
308784 312802 0.987 | 255444 262416 0.973
309656 312802 0.990 | 256232 262416 0.976
309984 312802 0.991 | 257170 262416 0.980
310144 312802 0.992 | 257160 262416 0.980
310246 313192 0.991 | 257318 262744 0.979
310584 313192 0.992 | 257636 262744 0.981
310954 313582 0.992 | 258056 263072 0.981
311816 314752 0.991 | 258304 264056 0.978
312400 315142 0.991 | 258842 264384 0.979
313098 315922 0.991 | 258934 265040 0.977
313592 316702 0.990 | 259626 265696 0.977
314772 317872 0.990 | 260776 266680 0.978
315530 318262 0.991 | 261242 267008 0.978
315190 318652 0.989 | 261440 267336 0.978
315062 318652 0.989 | 261304 267336 0.977
315424 318652 0.990 | 261590 267336 0.979
315850 318652 0.991 | 261922 267336 0.980
316260 319042 0.991 | 262636 267664 0.981
316850 319432 0.992 | 263110 267992 0.982
317338 320212 0.991 | 263474 268648 0.981
317690 320602 0.991 | 263792 268976 0.981
318332 320992 0.992 | 264758 269304 0.983
318766 321382 0.992 | 265474 269632 0.985
319112 322162 0.991 | 266030 270288 0.984
319480 322162 0.992 | 266356 270288 0.985
319262 322552 0.990 | 265966 270616 0.983
319676 322552 0.991 | 266142 270616 0.983
320044 322942 0.991 | 266398 270944 0.983
320314 323332 0.991 | 266556 271272 0.983
320876 323332 0.992 | 267450 271272 0.986
322146 324502 0.993 | 268516 272256 0.986
323046 325672 0.992 | 269284 273240 0.986
324144 326842 0.992 | 270328 274224 0.986
325630 328012 0.993 | 270916 275208 0.984
326870 329962 0.991 | 271496 276848 0.981
327216 329962 0.992 | 272082 276848 0.983
327164 330352 0.990 | 272640 277176 0.984
328036 331132 0.991 | 273374 277832 0.984
328828 331912 0.991 | 273696 278488 0.983
329200 332302 0.991 | 273968 278816 0.983
329356 333082 0.989 | 274230 279472 0.981
329530 333082 0.989 | 274238 279472 0.981
329828 333082 0.990 | 274450 279472 0.982
329958 333082 0.991 | 274752 279472 0.983
331088 333862 0.992 | 275804 280128 0.985
330930 334252 0.990 | 275574 280456 0.983
331914 334642 0.992 | 276246 280784 0.984
332232 335032 0.992 | 276480 281112 0.984
332466 335422 0.991 | 276832 281440 0.984
332802 335812 0.991 | 277156 281768 0.984
334504 336982 0.993 | 278286 282752 0.984
334908 337762 0.992 | 278420 283408 0.982
334946 338152 0.991 | 277866 283736 0.979
335718 338542 0.992 | 278042 284064 0.979
335892 338542 0.992 | 278608 284064 0.981
336120 338932 0.992 | 279070 284392 0.981
336546 339322 0.992 | 279298 284720 0.981
336186 339322 0.991 | 278926 284720 0.980
336998 340102 0.991 | 279932 285376 0.981
337700 340882 0.991 | 280548 286032 0.981
338074 341272 0.991 | 280996 286360 0.981
338128 341272 0.991 | 280810 286360 0.981
339242 342442 0.991 | 281640 287344 0.980
339820 342832 0.991 | 281754 287672 0.979
341084 343612 0.993 | 282812 288328 0.981
341908 344782 0.992 | 283094 289312 0.979
342984 345952 0.991 | 283864 290296 0.978
343324 346342 0.991 | 284158 290624 0.978
343812 346732 0.992 | 284276 290952 0.977
344772 347512 0.992 | 284828 291608 0.977
345864 349462 0.990 | 285660 293248 0.974
346574 349852 0.991 | 286198 293576 0.975
347946 351022 0.991 | 287254 294560 0.975
348272 351412 0.991 | 287800 294888 0.976
348370 351802 0.990 | 288170 295216 0.976
349016 352192 0.991 | 288930 295544 0.978
349740 352582 0.992 | 289286 295872 0.978
350280 353752 0.990 | 289830 296856 0.976
351216 354532 0.991 | 290110 297512 0.975
351736 355312 0.990 | 290658 298168 0.975
352814 355702 0.992 | 291588 298496 0.977
353004 356872 0.989 | 291508 299480 0.973
353260 356872 0.990 | 292114 299480 0.975
353824 357262 0.990 | 292970 299808 0.977
354120 357652 0.990 | 293574 300136 0.978
354576 357652 0.991 | 293618 300136 0.978
354850 357652 0.992 | 293934 300136 0.979
354918 358432 0.990 | 294668 300792 0.980
354058 358432 0.988 | 294070 300792 0.978
354858 358432 0.990 | 294202 300792 0.978
355412 358432 0.992 | 295152 300792 0.981
356144 358822 0.993 | 295274 301120 0.981
357236 359998 0.992 | 296588 302152 0.982
358328 361168 0.992 | 297676 303136 0.982
358608 361558 0.992 | 297814 303464 0.981
359914 362338 0.993 | 298798 304120 0.983
359844 362728 0.992 | 299456 304448 0.984
359886 362728 0.992 | 299440 304448 0.984
360832 363898 0.992 | 300144 305432 0.983
360668 363898 0.991 | 299704 305432 0.981
360622 364288 0.990 | 299064 305760 0.978
361560 364678 0.991 | 299926 306088 0.980
362418 365458 0.992 | 300674 306744 0.980
362944 365848 0.992 | 300906 307072 0.980
362546 365848 0.991 | 300752 307072 0.979
363614 366628 0.992 | 301216 307728 0.979
364244 367804 0.990 | 301956 308760 0.978
364720 367804 0.992 | 301890 308760 0.978
365932 368974 0.992 | 302458 309744 0.976
366480 369754 0.991 | 303060 310400 0.976
366778 370144 0.991 | 303534 310728 0.977
366956 370144 0.991 | 303432 310728 0.977
367254 370534 0.991 | 303602 311056 0.976
367646 370924 0.991 | 304066 311384 0.976
367302 371314 0.989 | 304034 311712 0.975
368186 371314 0.992 | 304884 311712 0.978
368446 371704 0.991 | 305302 312040 0.978
368408 371704 0.991 | 305040 312040 0.978
369614 372484 0.992 | 305984 312696 0.979
370320 373264 0.992 | 306160 313352 0.977
370288 373264 0.992 | 306434 313352 0.978
370620 373654 0.992 | 306896 313680 0.978
371948 374824 0.992 | 308252 314664 0.980
372850 375610 0.993 | 308694 315368 0.979
372840 376000 0.992 | 308836 315696 0.978
374174 376780 0.993 | 309670 316352 0.979
374742 377566 0.993 | 310260 317056 0.979
375342 378346 0.992 | 311008 317712 0.979
376166 379126 0.992 | 311642 318368 0.979
376320 379906 0.991 | 311360 319024 0.976
377206 380686 0.991 | 312158 319680 0.976
377804 381076 0.991 | 312524 320008 0.977
378330 381466 0.992 | 312712 320336 0.976
378664 382636 0.990 | 313060 321320 0.974
378852 382636 0.990 | 313448 321320 0.976
378520 382636 0.989 | 312706 321320 0.973
378938 382636 0.990 | 313064 321320 0.974
380220 383416 0.992 | 314016 321976 0.975
380998 384196 0.992 | 314430 322632 0.975
381266 384196 0.992 | 314838 322632 0.976
381770 384976 0.992 | 315666 323288 0.976
382206 386146 0.990 | 315994 324272 0.974
382568 386146 0.991 | 316550 324272 0.976
382672 386146 0.991 | 316932 324272 0.977
383462 386536 0.992 | 317230 324600 0.977
383062 386926 0.990 | 317058 324928 0.976
384082 386926 0.993 | 318014 324928 0.979
384748 387706 0.992 | 318658 325584 0.979
385228 388882 0.991 | 319386 326616 0.978
385292 388882 0.991 | 319196 326616 0.977
385130 388882 0.990 | 319326 326616 0.978
384970 388882 0.990 | 319292 326616 0.978
386296 389272 0.992 | 320432 326944 0.980
387200 390442 0.992 | 320912 327928 0.979
388196 391172 0.992 | 321544 328582 0.979
388880 391952 0.992 | 322584 329238 0.980
389458 392342 0.993 | 323370 329566 0.981
389394 392732 0.992 | 323268 329894 0.980
389690 393122 0.991 | 323454 330222 0.980
390782 393512 0.993 | 324236 330550 0.981
391002 394292 0.992 | 324528 331206 0.980
391090 394292 0.992 | 324642 331206 0.980
391230 394292 0.992 | 324494 331206 0.980
391856 394682 0.993 | 325150 331534 0.981
392350 395072 0.993 | 325578 331862 0.981
393262 396242 0.992 | 327006 332846 0.982
393338 396632 0.992 | 327232 333174 0.982
392830 396632 0.990 | 327392 333174 0.983
393264 396632 0.992 | 327590 333174 0.983
393636 397022 0.991 | 328108 333502 0.984
394036 397022 0.992 | 328362 333502 0.985
394374 397808 0.991 | 328306 334206 0.982
394434 397808 0.992 | 328598 334206 0.983
394754 397808 0.992 | 329054 334206 0.985
395132 398198 0.992 | 329520 334534 0.985
395118 398198 0.992 | 329458 334534 0.985
395414 398978 0.991 | 329926 335190 0.984
395218 398978 0.991 | 329862 335190 0.984
394860 398978 0.990 | 329614 335190 0.983
395540 398978 0.991 | 330000 335190 0.985
396632 399764 0.992 | 330568 335894 0.984
397400 400154 0.993 | 331164 336222 0.985
398042 400544 0.994 | 331758 336550 0.986
399188 401714 0.994 | 332864 337534 0.986
399996 402840 0.993 | 333736 338564 0.986
400360 403230 0.993 | 333740 338892 0.985
401520 404400 0.993 | 334156 339876 0.983
402180 405180 0.993 | 334820 340532 0.983
402768 406300 0.991 | 335408 341514 0.982
402770 406690 0.990 | 335200 341842 0.981
404310 407470 0.992 | 336182 342498 0.982
404254 407860 0.991 | 336864 342826 0.983
404716 407860 0.992 | 337054 342826 0.983
405418 409030 0.991 | 337492 343810 0.982
405714 409420 0.991 | 337970 344138 0.982
405644 409810 0.990 | 337628 344466 0.980
406226 409810 0.991 | 338188 344466 0.982
405938 409810 0.991 | 337856 344466 0.981
406996 409810 0.993 | 338462 344466 0.983
407628 410200 0.994 | 339070 344794 0.983
407588 411370 0.991 | 339006 345778 0.980
407724 411370 0.991 | 339268 345778 0.981
407904 411370 0.992 | 339882 345778 0.983
408494 411760 0.992 | 340290 346106 0.983
409010 412150 0.992 | 340538 346434 0.983
408452 412150 0.991 | 340448 346434 0.983
409426 412150 0.993 | 341354 346434 0.985
409912 412886 0.993 | 341896 347136 0.985
409826 413276 0.992 | 341916 347464 0.984
409896 413276 0.992 | 341888 347464 0.984
410268 413666 0.992 | 341740 347792 0.983
411012 414056 0.993 | 342412 348120 0.984
411524 414446 0.993 | 342356 348448 0.983
412138 415616 0.992 | 342824 349432 0.981
412522 416396 0.991 | 343126 350088 0.980
412290 416396 0.990 | 343342 350088 0.981
412276 416396 0.990 | 343346 350088 0.981
412976 416396 0.992 | 343586 350088 0.981
413760 417176 0.992 | 344172 350744 0.981
414200 417566 0.992 | 344426 351072 0.981
414074 417566 0.992 | 344478 351072 0.981
414294 417566 0.992 | 344452 351072 0.981
414720 418346 0.991 | 344714 351728 0.980
415600 419076 0.992 | 345262 352382 0.980
416600 419812 0.992 | 346312 353084 0.981
416714 420202 0.992 | 346090 353412 0.979
417640 420982 0.992 | 346622 354068 0.979
418304 422158 0.991 | 347146 355100 0.978
418514 422554 0.990 | 347570 355476 0.978
419336 422894 0.992 | 348066 355802 0.978
419860 423284 0.992 | 347976 356130 0.977
420090 423680 0.992 | 348540 356506 0.978
420416 424466 0.990 | 348680 357210 0.976
421338 424856 0.992 | 349268 357538 0.977
421468 425246 0.991 | 348866 357866 0.975
422110 426026 0.991 | 348738 358522 0.973
422334 426812 0.990 | 348956 359226 0.971
422846 427208 0.990 | 349458 359602 0.972
422412 427208 0.989 | 348864 359602 0.970
422880 427208 0.990 | 349322 359602 0.971
423340 427208 0.991 | 349860 359602 0.973
424022 427604 0.992 | 350398 359978 0.973
424484 428396 0.991 | 350812 360730 0.973
424774 428736 0.991 | 351356 361056 0.973
424954 429132 0.990 | 351702 361432 0.973
425718 429812 0.990 | 352300 362084 0.973
425964 429812 0.991 | 352496 362084 0.974
426842 430604 0.991 | 353184 362836 0.973
427302 431000 0.991 | 353580 363212 0.973
427972 431000 0.993 | 354192 363212 0.975
427816 431000 0.993 | 354344 363212 0.976
428714 432472 0.991 | 354894 364616 0.973
428456 432812 0.990 | 354524 364942 0.971
429482 433208 0.991 | 355290 365318 0.973
430408 434000 0.992 | 355896 366070 0.972
429698 434000 0.990 | 355574 366070 0.971
430672 434340 0.992 | 356584 366396 0.973
431442 435416 0.991 | 357742 367424 0.974
431792 435812 0.991 | 358426 367800 0.975
432250 436604 0.990 | 359132 368552 0.974
432382 436604 0.990 | 358968 368552 0.974
433190 437000 0.991 | 359484 368928 0.974
434114 437792 0.992 | 360290 369680 0.975
434664 438528 0.991 | 360188 370382 0.972
435164 438924 0.991 | 360542 370758 0.972
436118 440112 0.991 | 361286 371886 0.971
437304 441244 0.991 | 361990 372964 0.971
437304 441640 0.990 | 361974 373340 0.970
437486 442432 0.989 | 362156 374092 0.968
437688 442432 0.989 | 362464 374092 0.969
438398 442828 0.990 | 362776 374468 0.969
439412 443620 0.991 | 363452 375220 0.969
440018 444412 0.990 | 363864 375972 0.968
440686 444808 0.991 | 364386 376348 0.968
441856 445996 0.991 | 365184 377476 0.967
441840 445996 0.991 | 365474 377476 0.968
443370 447524 0.991 | 366508 378930 0.967
443622 447920 0.990 | 366626 379306 0.967
443716 448316 0.990 | 367194 379682 0.967
444498 448316 0.991 | 367938 379682 0.969
444368 448656 0.990 | 367844 380008 0.968
444438 448656 0.991 | 368396 380008 0.969
445750 449788 0.991 | 368888 381086 0.968
446574 451372 0.989 | 369468 382590 0.966
447328 451768 0.990 | 370068 382966 0.966
447156 451768 0.990 | 370214 382966 0.967
447720 452164 0.990 | 370798 383342 0.967
447856 452504 0.990 | 370910 383668 0.967
448014 452504 0.990 | 371214 383668 0.968
448440 453296 0.989 | 371284 384420 0.966
449168 453692 0.990 | 371954 384796 0.967
449898 454088 0.991 | 372446 385172 0.967
450722 455276 0.990 | 372942 386300 0.965
451252 455672 0.990 | 373198 386676 0.965
451994 456860 0.989 | 373172 387804 0.962
452482 457652 0.989 | 373338 388556 0.961
452862 458444 0.988 | 373526 389308 0.959
452950 458444 0.988 | 373474 389308 0.959
454300 459632 0.988 | 374266 390436 0.959
454314 459632 0.988 | 374036 390436 0.958
454058 459632 0.988 | 373894 390436 0.958
453990 459632 0.988 | 374182 390436 0.958
454024 459632 0.988 | 374988 390436 0.960
454178 459632 0.988 | 375116 390436 0.961
454830 460424 0.988 | 375636 391188 0.960
455328 460424 0.989 | 375952 391188 0.961
455510 460424 0.989 | 375888 391188 0.961
455570 460424 0.989 | 375582 391188 0.960
456094 461160 0.989 | 376222 391890 0.960
456654 461952 0.989 | 376546 392642 0.959
457194 462348 0.989 | 376824 393018 0.959
457548 462688 0.989 | 377486 393344 0.960
457610 462688 0.989 | 377600 393344 0.960
457946 463084 0.989 | 378338 393720 0.961
457488 463084 0.988 | 378402 393720 0.961
457728 463480 0.988 | 378382 394096 0.960
458318 463480 0.989 | 379180 394096 0.962
458724 463480 0.990 | 379826 394096 0.964
459726 464272 0.990 | 380430 394848 0.963
460144 464668 0.990 | 380606 395224 0.963
460012 465008 0.989 | 380946 395550 0.963
460854 465800 0.989 | 381204 396302 0.962
461910 466536 0.990 | 382560 397004 0.964
461220 466536 0.989 | 382112 397004 0.962
461700 466536 0.990 | 382602 397004 0.964
461436 466536 0.989 | 382612 397004 0.964
460856 466536 0.988 | 382228 397004 0.963
461316 466536 0.989 | 382598 397004 0.964
461842 466536 0.990 | 383042 397004 0.965
461950 466536 0.990 | 383398 397004 0.966
462050 466932 0.990 | 383150 397380 0.964
461962 466932 0.989 | 382920 397380 0.964
461716 466932 0.989 | 382898 397380 0.964
461970 466932 0.989 | 383482 397380 0.965
462882 467328 0.990 | 384094 397756 0.966
462624 467328 0.990 | 383942 397756 0.965
463280 467724 0.990 | 384418 398132 0.966
463408 468120 0.990 | 384240 398508 0.964
464172 468516 0.991 | 385122 398884 0.965
464344 468912 0.990 | 384952 399260 0.964
464952 469704 0.990 | 385432 400012 0.964
465436 470100 0.990 | 385486 400388 0.963
466104 470440 0.991 | 386098 400714 0.964
467208 471232 0.991 | 386896 401466 0.964
467418 472024 0.990 | 386948 402218 0.962
467932 472760 0.990 | 387470 402920 0.962
468742 473552 0.990 | 387470 403672 0.960
469004 473552 0.990 | 387872 403672 0.961
469710 474288 0.990 | 388472 404374 0.961
469886 474288 0.991 | 388492 404374 0.961
470926 475872 0.990 | 388746 405878 0.958
471292 476268 0.990 | 389156 406254 0.958
471198 476664 0.989 | 389440 406630 0.958
471576 476664 0.989 | 389868 406630 0.959
471538 476664 0.989 | 389936 406630 0.959
472040 477060 0.989 | 390602 407006 0.960
472902 477852 0.990 | 391478 407758 0.960
474046 479040 0.990 | 391966 408886 0.959
474284 479436 0.989 | 391940 409262 0.958
474960 479832 0.990 | 392348 409638 0.958
475320 480228 0.990 | 392478 410014 0.957
476008 481020 0.990 | 393132 410766 0.957
476390 481416 0.990 | 393516 411142 0.957
477160 481812 0.990 | 394490 411518 0.959
477618 482604 0.990 | 395044 412270 0.958
478412 483396 0.990 | 395588 413022 0.958
478554 483792 0.989 | 395350 413398 0.956
479064 484584 0.989 | 395266 414150 0.954
479430 485376 0.988 | 395314 414902 0.953
479778 485376 0.988 | 395850 414902 0.954
480514 485376 0.990 | 396544 414902 0.956
479910 486056 0.987 | 395798 415554 0.952
480938 486848 0.988 | 396626 416306 0.953
481728 487244 0.989 | 397506 416682 0.954
481416 487244 0.988 | 397432 416682 0.954
481210 487244 0.988 | 397214 416682 0.953
480814 487244 0.987 | 396768 416682 0.952
480676 487244 0.987 | 396362 416682 0.951
480790 487244 0.987 | 396194 416682 0.951
481510 487244 0.988 | 396500 416682 0.952
481866 487244 0.989 | 396896 416682 0.953
483116 488036 0.990 | 398064 417434 0.954
483890 488376 0.991 | 398752 417760 0.955
484080 489112 0.990 | 399026 418462 0.954
484694 489904 0.989 | 398822 419214 0.951
484948 490696 0.988 | 398756 419966 0.949
484624 490696 0.988 | 398780 419966 0.950
485208 491432 0.987 | 398946 420668 0.948
485992 491432 0.989 | 399926 420668 0.951
485962 491828 0.988 | 399862 421044 0.950
485672 491828 0.987 | 399850 421044 0.950
485410 491828 0.987 | 399506 421044 0.949
485964 492224 0.987 | 399742 421420 0.949
486512 492620 0.988 | 400208 421796 0.949
486210 492620 0.987 | 400436 421796 0.949
487136 492620 0.989 | 400902 421796 0.950
487512 493016 0.989 | 400910 422172 0.950
487834 493412 0.989 | 401276 422548 0.950
488252 493412 0.990 | 401734 422548 0.951
489152 494488 0.989 | 402642 423576 0.951
489404 494884 0.989 | 403048 423952 0.951
489542 494884 0.989 | 403334 423952 0.951
490488 495280 0.990 | 403902 424328 0.952
490852 496072 0.989 | 404468 425080 0.952
490446 496412 0.988 | 404470 425406 0.951
489996 496412 0.987 | 404664 425406 0.951
490470 496808 0.987 | 405022 425782 0.951
490418 496808 0.987 | 404974 425782 0.951
490364 496808 0.987 | 404658 425782 0.950
490264 496808 0.987 | 404822 425782 0.951
490448 496808 0.987 | 405020 425782 0.951
490948 497204 0.987 | 405812 426158 0.952
491388 497204 0.988 | 406086 426158 0.953
491842 497544 0.989 | 406176 426484 0.952
491614 497940 0.987 | 406256 426860 0.952
491936 498336 0.987 | 406458 427236 0.951
491980 498336 0.987 | 406776 427236 0.952
492182 498336 0.988 | 407174 427236 0.953
492916 498732 0.988 | 408132 427612 0.954
493142 499128 0.988 | 408136 427988 0.954
494334 499920 0.989 | 409108 428740 0.954
494216 500316 0.988 | 408848 429116 0.953
494094 500316 0.988 | 408744 429116 0.953
494722 500712 0.988 | 409288 429492 0.953
495012 500712 0.989 | 409588 429492 0.954
495996 501504 0.989 | 410342 430244 0.954
496520 501900 0.989 | 410560 430620 0.953
496984 502636 0.989 | 410738 431322 0.952
497240 502636 0.989 | 411260 431322 0.953
497206 503428 0.988 | 410824 432074 0.951
497390 503428 0.988 | 410622 432074 0.950
497560 504220 0.987 | 410514 432826 0.948
498816 504616 0.989 | 411004 433202 0.949
499300 505012 0.989 | 411478 433578 0.949
499602 505804 0.988 | 411756 434330 0.948
499588 505804 0.988 | 411906 434330 0.948
499854 505804 0.988 | 412452 434330 0.950
499520 505804 0.988 | 412638 434330 0.950
499732 505804 0.988 | 413158 434330 0.951
499590 506144 0.987 | 412868 434656 0.950
499716 506144 0.987 | 412974 434656 0.950
500260 506144 0.988 | 413756 434656 0.952
500768 506540 0.989 | 414078 435032 0.952
500582 506540 0.988 | 413812 435032 0.951
501262 507332 0.988 | 414260 435784 0.951
501108 507332 0.988 | 414350 435784 0.951
501776 507728 0.988 | 414968 436160 0.951
502054 507728 0.989 | 415454 436160 0.953
502592 508124 0.989 | 415624 436536 0.952
503328 508860 0.989 | 416614 437238 0.953
504072 509596 0.989 | 417340 437940 0.953
504560 510332 0.989 | 417774 438642 0.952
505144 510728 0.989 | 418218 439018 0.953
505286 511124 0.989 | 417988 439394 0.951
504896 511124 0.988 | 417914 439394 0.951
505772 511916 0.988 | 418314 440146 0.950
505576 511916 0.988 | 417866 440146 0.949
505844 511916 0.988 | 417686 440146 0.949
505638 511916 0.988 | 417538 440146 0.949
506710 512708 0.988 | 418270 440898 0.949
506404 512708 0.988 | 417952 440898 0.948
506252 512708 0.987 | 417910 440898 0.948
506706 513104 0.988 | 417790 441274 0.947
507526 513896 0.988 | 418358 442026 0.946
508194 514688 0.987 | 418960 442778 0.946
508214 514688 0.987 | 419188 442778 0.947
507792 514688 0.987 | 419502 442778 0.947
507504 514688 0.986 | 419480 442778 0.947
507570 514688 0.986 | 419842 442778 0.948
506638 514688 0.984 | 419172 442778 0.947
507496 514688 0.986 | 419704 442778 0.948
508280 514688 0.988 | 420216 442778 0.949
508028 514688 0.987 | 420088 442778 0.949
508190 515084 0.987 | 420308 443154 0.948
508412 515084 0.987 | 420590 443154 0.949
508594 515084 0.987 | 420286 443154 0.948
509312 515876 0.987 | 420944 443906 0.948
509662 515876 0.988 | 421032 443906 0.948
509860 516272 0.988 | 421360 444282 0.948
510192 516668 0.987 | 421902 444658 0.949
510744 516668 0.989 | 422362 444658 0.950
511874 517856 0.988 | 423122 445786 0.949
511970 518252 0.988 | 423598 446162 0.949
512268 518252 0.988 | 423876 446162 0.950
512734 518592 0.989 | 424504 446488 0.951
512918 518988 0.988 | 425022 446864 0.951
513744 519384 0.989 | 425540 447240 0.951
514618 520572 0.989 | 426188 448368 0.951
515104 520572 0.989 | 426384 448368 0.951
515816 521308 0.989 | 427072 449070 0.951
516392 522100 0.989 | 427554 449822 0.950
516536 522892 0.988 | 428134 450574 0.950
517224 523684 0.988 | 428404 451326 0.949
517638 523684 0.988 | 428456 451326 0.949
518060 524080 0.989 | 428898 451702 0.950
517722 524080 0.988 | 428668 451702 0.949
518216 524476 0.988 | 428662 452078 0.948
518586 524872 0.988 | 428928 452454 0.948
518088 524872 0.987 | 429302 452454 0.949
518466 525268 0.987 | 428832 452830 0.947
518000 525268 0.986 | 428896 452830 0.947
517042 525268 0.984 | 428338 452830 0.946
517960 525268 0.986 | 428874 452830 0.947
518214 525268 0.987 | 428650 452830 0.947
519974 526344 0.988 | 430074 453858 0.948
519996 526344 0.988 | 429876 453858 0.947
520066 526740 0.987 | 430086 454234 0.947
520514 526740 0.988 | 430372 454234 0.947
521292 527476 0.988 | 431040 454936 0.947
521264 527476 0.988 | 431260 454936 0.948
521468 527872 0.988 | 431278 455312 0.947
522646 528664 0.989 | 432230 456064 0.948
522230 528664 0.988 | 432132 456064 0.948
522418 529060 0.987 | 432472 456440 0.947
522800 529456 0.987 | 432714 456816 0.947
522582 529456 0.987 | 433024 456816 0.948
522920 529456 0.988 | 433090 456816 0.948
522914 529456 0.988 | 433278 456816 0.948
523046 529852 0.987 | 433046 457192 0.947
522808 530248 0.986 | 432514 457568 0.945
523564 530248 0.987 | 433470 457568 0.947
524104 530644 0.988 | 433702 457944 0.947
524548 531040 0.988 | 434124 458320 0.947
524714 531436 0.987 | 434560 458696 0.947
523918 531436 0.986 | 433808 458696 0.946
523996 531436 0.986 | 433678 458696 0.945
522944 531436 0.984 | 432984 458696 0.944
522568 531436 0.983 | 432790 458696 0.944
522202 531436 0.983 | 432114 458696 0.942
522648 531436 0.983 | 432612 458696 0.943
522788 531436 0.984 | 432852 458696 0.944
523012 531436 0.984 | 433386 458696 0.945
523362 531436 0.985 | 433782 458696 0.946
523436 531436 0.985 | 434022 458696 0.946
523142 531436 0.984 | 433394 458696 0.945
523458 531436 0.985 | 433330 458696 0.945
523008 531436 0.984 | 432924 458696 0.944
522476 531436 0.983 | 432540 458696 0.943
522884 531436 0.984 | 433034 458696 0.944
523210 531436 0.985 | 433290 458696 0.945
523614 531436 0.985 | 433798 458696 0.946
522970 531436 0.984 | 433590 458696 0.945
522492 531436 0.983 | 433308 458696 0.945
522740 531436 0.984 | 433656 458696 0.945
522610 531436 0.983 | 433698 458696 0.946
522728 531436 0.984 | 433556 458696 0.945
522608 531436 0.983 | 433656 458696 0.945
522184 531436 0.983 | 433636 458696 0.945
522344 531436 0.983 | 434014 458696 0.946
522166 531436 0.983 | 433882 458696 0.946
521668 531436 0.982 | 433744 458696 0.946
521530 531436 0.981 | 433820 458696 0.946
521026 531436 0.980 | 433256 458696 0.945
521472 531436 0.981 | 432692 458696 0.943
520774 531436 0.980 | 432148 458696 0.942
521124 531436 0.981 | 432044 458696 0.942
520844 531436 0.980 | 431904 458696 0.942
521138 531436 0.981 | 431974 458696 0.942
521620 531436 0.982 | 432038 458696 0.942
521140 531436 0.981 | 431602 458696 0.941
521144 531436 0.981 | 431156 458696 0.940
520496 531436 0.979 | 430608 458696 0.939
520596 531436 0.980 | 430962 458696 0.940
520390 531436 0.979 | 431148 458696 0.940
520180 531436 0.979 | 430748 458696 0.939
520068 531436 0.979 | 430718 458696 0.939
520088 531436 0.979 | 430316 458696 0.938
519882 531436 0.978 | 430228 458696 0.938
519790 531436 0.978 | 430018 458696 0.937
519664 531436 0.978 | 429930 458696 0.937
519514 531436 0.978 | 429820 458696 0.937
518974 531436 0.977 | 429178 458696 0.936
519046 531436 0.977 | 428844 458696 0.935
519438 531436 0.977 | 429478 458696 0.936
518820 531436 0.976 | 429072 458696 0.935
517812 531436 0.974 | 428620 458696 0.934
516548 531436 0.972 | 427700 458696 0.932
516064 531436 0.971 | 426992 458696 0.931
515622 531436 0.970 | 426950 458696 0.931
515754 531436 0.970 | 426916 458696 0.931
515258 531436 0.970 | 426548 458696 0.930
514708 531436 0.969 | 426238 458696 0.929
514316 531436 0.968 | 425830 458696 0.928
513918 531436 0.967 | 425118 458696 0.927
513234 531436 0.966 | 424410 458696 0.925
513492 531436 0.966 | 424454 458696 0.925
513456 531436 0.966 | 424306 458696 0.925
512892 531436 0.965 | 423816 458696 0.924
512414 531436 0.964 | 423152 458696 0.923
512490 531436 0.964 | 422950 458696 0.922
512024 531436 0.963 | 422662 458696 0.921
511246 531436 0.962 | 422206 458696 0.920
510308 531436 0.960 | 421302 458696 0.918
510584 531436 0.961 | 420882 458696 0.918
510326 531436 0.960 | 420280 458696 0.916
509652 531436 0.959 | 419516 458696 0.915
509880 531436 0.959 | 419686 458696 0.915
509390 531436 0.959 | 419162 458696 0.914
509496 531436 0.959 | 418744 458696 0.913
508488 531436 0.957 | 417768 458696 0.911
508048 531436 0.956 | 417382 458696 0.910
507488 531436 0.955 | 417004 458696 0.909
507524 531436 0.955 | 416990 458696 0.909
506832 531436 0.954 | 416550 458696 0.908
506432 531436 0.953 | 416204 458696 0.907
505456 531436 0.951 | 415534 458696 0.906
503606 531436 0.948 | 414516 458696 0.904
502720 531436 0.946 | 413664 458696 0.902
502032 531436 0.945 | 413030 458696 0.900
500576 531436 0.942 | 411924 458696 0.898
499062 531436 0.939 | 411204 458696 0.896
497462 531436 0.936 | 409978 458696 0.894
496796 531436 0.935 | 409346 458696 0.892
495422 531436 0.932 | 408128 458696 0.890
494792 531436 0.931 | 407286 458696 0.888
