0 31 245 245
1 27 202 202
2 35 812 812
3 71 150 150
4 9 182 182
5 66 902 902
6 22 130 130
7 63 566 566
8 21 292 292
9 34 535 535
10 44 303 303
11 70 626 626
12 65 386 386
13 41 580 580
14 26 410 410
15 38 643 643
16 3 553 553
17 10 521 521
18 19 756 756
19 20 804 804
20 64 991 991
21 62 630 630
22 67 689 689
23 43 639 639
24 29 1094 1094
25 50 1142 1142
26 77 864 864
27 4 1154 1154
28 52 838 838
29 6 1151 1151
30 8 1157 1157
31 30 921 921
32 53 983 983
33 57 1079 1079
34 2 1121 1121
35 75 1385 1385
36 33 1163 1163
37 13 1082 1082
38 28 1298 1298
39 74 1624 1624
40 79 1306 1306
41 24 1686 1686
42 42 1593 1593
43 54 1986 1986
44 39 1976 1976
45 73 1696 1696
46 51 2050 2050
47 16 1737 1737
48 5 1750 1750
49 59 2038 2038
50 11 2230 2230
51 36 2491 2491
52 69 2486 2486
53 1 2557 2557
54 12 2491 2491
55 58 2599 2599
56 17 2533 2533
57 49 2613 2613
58 46 2664 2664
59 15 2557 2557
60 25 2647 2647
61 60 3077 3077
62 0 3562 3562
63 56 3975 3975
64 32 3539 3539
65 37 4055 4055
66 45 4473 4473
67 68 4471 4471
68 48 4971 4971
69 14 5010 5010
70 76 5038 5038
71 23 6024 6024
72 78 6513 6513
73 18 7464 7464
74 72 7488 7488
75 40 8973 8973
76 7 8972 8972
77 55 8979 8979
78 61 8980 8980
79 47 10465 10465
